<?xml version="1.0" encoding="UTF-8"?>
<testsuite xmlns:xsi="http://www.w3.org/2001/XMLSchema-instance" xsi:noNamespaceSchemaLocation="https://maven.apache.org/surefire/maven-surefire-plugin/xsd/surefire-test-report.xsd" name="jimo.iot.util.GenerateTableUtilTest" time="0" tests="1" errors="0" skipped="0" failures="0">
  <properties>
    <property name="sun.desktop" value="windows"/>
    <property name="awt.toolkit" value="sun.awt.windows.WToolkit"/>
    <property name="java.specification.version" value="11"/>
    <property name="sun.cpu.isalist" value="amd64"/>
    <property name="sun.jnu.encoding" value="GBK"/>
    <property name="java.class.path" value="E:\Temp\JIMOCode\JavaCode\dev\JIMO_IOT_V1.0\target\test-classes;E:\Temp\JIMOCode\JavaCode\dev\JIMO_IOT_V1.0\target\classes;E:\tomcat\respository\org\springframework\boot\spring-boot-starter-web\2.6.10\spring-boot-starter-web-2.6.10.jar;E:\tomcat\respository\org\springframework\boot\spring-boot-starter\2.6.10\spring-boot-starter-2.6.10.jar;E:\tomcat\respository\org\springframework\boot\spring-boot-starter-logging\2.6.10\spring-boot-starter-logging-2.6.10.jar;E:\tomcat\respository\ch\qos\logback\logback-classic\1.2.11\logback-classic-1.2.11.jar;E:\tomcat\respository\ch\qos\logback\logback-core\1.2.11\logback-core-1.2.11.jar;E:\tomcat\respository\org\apache\logging\log4j\log4j-to-slf4j\2.17.2\log4j-to-slf4j-2.17.2.jar;E:\tomcat\respository\org\apache\logging\log4j\log4j-api\2.17.2\log4j-api-2.17.2.jar;E:\tomcat\respository\org\slf4j\jul-to-slf4j\1.7.36\jul-to-slf4j-1.7.36.jar;E:\tomcat\respository\jakarta\annotation\jakarta.annotation-api\1.3.5\jakarta.annotation-api-1.3.5.jar;E:\tomcat\respository\org\yaml\snakeyaml\1.29\snakeyaml-1.29.jar;E:\tomcat\respository\org\springframework\boot\spring-boot-starter-json\2.6.10\spring-boot-starter-json-2.6.10.jar;E:\tomcat\respository\com\fasterxml\jackson\core\jackson-databind\2.13.3\jackson-databind-2.13.3.jar;E:\tomcat\respository\com\fasterxml\jackson\core\jackson-annotations\2.13.3\jackson-annotations-2.13.3.jar;E:\tomcat\respository\com\fasterxml\jackson\core\jackson-core\2.13.3\jackson-core-2.13.3.jar;E:\tomcat\respository\com\fasterxml\jackson\datatype\jackson-datatype-jdk8\2.13.3\jackson-datatype-jdk8-2.13.3.jar;E:\tomcat\respository\com\fasterxml\jackson\datatype\jackson-datatype-jsr310\2.13.3\jackson-datatype-jsr310-2.13.3.jar;E:\tomcat\respository\com\fasterxml\jackson\module\jackson-module-parameter-names\2.13.3\jackson-module-parameter-names-2.13.3.jar;E:\tomcat\respository\org\springframework\boot\spring-boot-starter-tomcat\2.6.10\spring-boot-starter-tomcat-2.6.10.jar;E:\tomcat\respository\org\apache\tomcat\embed\tomcat-embed-core\9.0.65\tomcat-embed-core-9.0.65.jar;E:\tomcat\respository\org\apache\tomcat\embed\tomcat-embed-el\9.0.65\tomcat-embed-el-9.0.65.jar;E:\tomcat\respository\org\apache\tomcat\embed\tomcat-embed-websocket\9.0.65\tomcat-embed-websocket-9.0.65.jar;E:\tomcat\respository\org\springframework\spring-web\5.3.22\spring-web-5.3.22.jar;E:\tomcat\respository\org\springframework\spring-beans\5.3.22\spring-beans-5.3.22.jar;E:\tomcat\respository\org\springframework\spring-webmvc\5.3.22\spring-webmvc-5.3.22.jar;E:\tomcat\respository\org\springframework\spring-aop\5.3.22\spring-aop-5.3.22.jar;E:\tomcat\respository\org\springframework\spring-context\5.3.22\spring-context-5.3.22.jar;E:\tomcat\respository\org\springframework\spring-expression\5.3.22\spring-expression-5.3.22.jar;E:\tomcat\respository\mysql\mysql-connector-java\8.0.29\mysql-connector-java-8.0.29.jar;E:\tomcat\respository\net\sf\json-lib\json-lib\2.2.3\json-lib-2.2.3-jdk15.jar;E:\tomcat\respository\commons-beanutils\commons-beanutils\1.7.0\commons-beanutils-1.7.0.jar;E:\tomcat\respository\commons-collections\commons-collections\3.2\commons-collections-3.2.jar;E:\tomcat\respository\commons-lang\commons-lang\2.4\commons-lang-2.4.jar;E:\tomcat\respository\commons-logging\commons-logging\1.1.1\commons-logging-1.1.1.jar;E:\tomcat\respository\net\sf\ezmorph\ezmorph\1.0.6\ezmorph-1.0.6.jar;E:\tomcat\respository\org\springframework\boot\spring-boot-starter-thymeleaf\2.6.10\spring-boot-starter-thymeleaf-2.6.10.jar;E:\tomcat\respository\org\thymeleaf\thymeleaf-spring5\3.0.15.RELEASE\thymeleaf-spring5-3.0.15.RELEASE.jar;E:\tomcat\respository\org\thymeleaf\thymeleaf\3.0.15.RELEASE\thymeleaf-3.0.15.RELEASE.jar;E:\tomcat\respository\org\attoparser\attoparser\2.0.5.RELEASE\attoparser-2.0.5.RELEASE.jar;E:\tomcat\respository\org\unbescape\unbescape\1.1.6.RELEASE\unbescape-1.1.6.RELEASE.jar;E:\tomcat\respository\org\slf4j\slf4j-api\1.7.36\slf4j-api-1.7.36.jar;E:\tomcat\respository\org\thymeleaf\extras\thymeleaf-extras-java8time\3.0.4.RELEASE\thymeleaf-extras-java8time-3.0.4.RELEASE.jar;E:\tomcat\respository\com\baomidou\mybatis-plus-boot-starter\3.4.2\mybatis-plus-boot-starter-3.4.2.jar;E:\tomcat\respository\com\baomidou\mybatis-plus\3.4.2\mybatis-plus-3.4.2.jar;E:\tomcat\respository\com\baomidou\mybatis-plus-extension\3.4.2\mybatis-plus-extension-3.4.2.jar;E:\tomcat\respository\com\baomidou\mybatis-plus-core\3.4.2\mybatis-plus-core-3.4.2.jar;E:\tomcat\respository\com\baomidou\mybatis-plus-annotation\3.4.2\mybatis-plus-annotation-3.4.2.jar;E:\tomcat\respository\com\github\jsqlparser\jsqlparser\4.0\jsqlparser-4.0.jar;E:\tomcat\respository\org\mybatis\mybatis\3.5.6\mybatis-3.5.6.jar;E:\tomcat\respository\org\mybatis\mybatis-spring\2.0.5\mybatis-spring-2.0.5.jar;E:\tomcat\respository\org\springframework\boot\spring-boot-autoconfigure\2.6.10\spring-boot-autoconfigure-2.6.10.jar;E:\tomcat\respository\org\springframework\boot\spring-boot-starter-jdbc\2.6.10\spring-boot-starter-jdbc-2.6.10.jar;E:\tomcat\respository\com\zaxxer\HikariCP\4.0.3\HikariCP-4.0.3.jar;E:\tomcat\respository\org\springframework\spring-jdbc\5.3.22\spring-jdbc-5.3.22.jar;E:\tomcat\respository\org\springframework\spring-tx\5.3.22\spring-tx-5.3.22.jar;E:\tomcat\respository\org\freemarker\freemarker\2.3.31\freemarker-2.3.31.jar;E:\tomcat\respository\log4j\log4j\1.2.17\log4j-1.2.17.jar;E:\tomcat\respository\org\springframework\boot\spring-boot-starter-mail\2.6.10\spring-boot-starter-mail-2.6.10.jar;E:\tomcat\respository\org\springframework\spring-context-support\5.3.22\spring-context-support-5.3.22.jar;E:\tomcat\respository\com\sun\mail\jakarta.mail\1.6.7\jakarta.mail-1.6.7.jar;E:\tomcat\respository\com\sun\activation\jakarta.activation\1.2.2\jakarta.activation-1.2.2.jar;E:\tomcat\respository\com\aliyun\alibaba-dingtalk-service-sdk\2.0.0\alibaba-dingtalk-service-sdk-2.0.0.jar;E:\tomcat\respository\org\springframework\boot\spring-boot-devtools\2.6.10\spring-boot-devtools-2.6.10.jar;E:\tomcat\respository\org\springframework\boot\spring-boot\2.6.10\spring-boot-2.6.10.jar;E:\tomcat\respository\org\projectlombok\lombok\1.18.24\lombok-1.18.24.jar;E:\tomcat\respository\org\springframework\boot\spring-boot-starter-test\2.6.10\spring-boot-starter-test-2.6.10.jar;E:\tomcat\respository\org\springframework\boot\spring-boot-test\2.6.10\spring-boot-test-2.6.10.jar;E:\tomcat\respository\org\springframework\boot\spring-boot-test-autoconfigure\2.6.10\spring-boot-test-autoconfigure-2.6.10.jar;E:\tomcat\respository\com\jayway\jsonpath\json-path\2.6.0\json-path-2.6.0.jar;E:\tomcat\respository\net\minidev\json-smart\2.4.8\json-smart-2.4.8.jar;E:\tomcat\respository\net\minidev\accessors-smart\2.4.8\accessors-smart-2.4.8.jar;E:\tomcat\respository\org\ow2\asm\asm\9.1\asm-9.1.jar;E:\tomcat\respository\jakarta\xml\bind\jakarta.xml.bind-api\2.3.3\jakarta.xml.bind-api-2.3.3.jar;E:\tomcat\respository\jakarta\activation\jakarta.activation-api\1.2.2\jakarta.activation-api-1.2.2.jar;E:\tomcat\respository\org\assertj\assertj-core\3.21.0\assertj-core-3.21.0.jar;E:\tomcat\respository\org\hamcrest\hamcrest\2.2\hamcrest-2.2.jar;E:\tomcat\respository\org\junit\jupiter\junit-jupiter\5.8.2\junit-jupiter-5.8.2.jar;E:\tomcat\respository\org\junit\jupiter\junit-jupiter-api\5.8.2\junit-jupiter-api-5.8.2.jar;E:\tomcat\respository\org\opentest4j\opentest4j\1.2.0\opentest4j-1.2.0.jar;E:\tomcat\respository\org\junit\platform\junit-platform-commons\1.8.2\junit-platform-commons-1.8.2.jar;E:\tomcat\respository\org\apiguardian\apiguardian-api\1.1.2\apiguardian-api-1.1.2.jar;E:\tomcat\respository\org\junit\jupiter\junit-jupiter-params\5.8.2\junit-jupiter-params-5.8.2.jar;E:\tomcat\respository\org\junit\jupiter\junit-jupiter-engine\5.8.2\junit-jupiter-engine-5.8.2.jar;E:\tomcat\respository\org\junit\platform\junit-platform-engine\1.8.2\junit-platform-engine-1.8.2.jar;E:\tomcat\respository\org\mockito\mockito-core\4.0.0\mockito-core-4.0.0.jar;E:\tomcat\respository\net\bytebuddy\byte-buddy\1.11.22\byte-buddy-1.11.22.jar;E:\tomcat\respository\net\bytebuddy\byte-buddy-agent\1.11.22\byte-buddy-agent-1.11.22.jar;E:\tomcat\respository\org\objenesis\objenesis\3.2\objenesis-3.2.jar;E:\tomcat\respository\org\mockito\mockito-junit-jupiter\4.0.0\mockito-junit-jupiter-4.0.0.jar;E:\tomcat\respository\org\skyscreamer\jsonassert\1.5.1\jsonassert-1.5.1.jar;E:\tomcat\respository\com\vaadin\external\google\android-json\0.0.20131108.vaadin1\android-json-0.0.20131108.vaadin1.jar;E:\tomcat\respository\org\springframework\spring-core\5.3.22\spring-core-5.3.22.jar;E:\tomcat\respository\org\springframework\spring-jcl\5.3.22\spring-jcl-5.3.22.jar;E:\tomcat\respository\org\springframework\spring-test\5.3.22\spring-test-5.3.22.jar;E:\tomcat\respository\org\xmlunit\xmlunit-core\2.8.4\xmlunit-core-2.8.4.jar;"/>
    <property name="java.vm.vendor" value="Oracle Corporation"/>
    <property name="sun.arch.data.model" value="64"/>
    <property name="user.variant" value=""/>
    <property name="java.vendor.url" value="http://java.oracle.com/"/>
    <property name="user.timezone" value="Asia/Shanghai"/>
    <property name="java.vm.specification.version" value="11"/>
    <property name="os.name" value="Windows 10"/>
    <property name="sun.java.launcher" value="SUN_STANDARD"/>
    <property name="user.country" value="CN"/>
    <property name="sun.boot.library.path" value="C:\Program Files\Java\jdk-11.0.6\bin"/>
    <property name="sun.java.command" value="C:\Users\1\AppData\Local\Temp\surefire10955966888357644123\surefirebooter17713751810637933879.jar C:\Users\1\AppData\Local\Temp\surefire10955966888357644123 2024-04-06T15-07-44_172-jvmRun1 surefire13007985142681873941tmp surefire_072474642969914784tmp"/>
    <property name="jdk.debug" value="release"/>
    <property name="surefire.test.class.path" value="E:\Temp\JIMOCode\JavaCode\dev\JIMO_IOT_V1.0\target\test-classes;E:\Temp\JIMOCode\JavaCode\dev\JIMO_IOT_V1.0\target\classes;E:\tomcat\respository\org\springframework\boot\spring-boot-starter-web\2.6.10\spring-boot-starter-web-2.6.10.jar;E:\tomcat\respository\org\springframework\boot\spring-boot-starter\2.6.10\spring-boot-starter-2.6.10.jar;E:\tomcat\respository\org\springframework\boot\spring-boot-starter-logging\2.6.10\spring-boot-starter-logging-2.6.10.jar;E:\tomcat\respository\ch\qos\logback\logback-classic\1.2.11\logback-classic-1.2.11.jar;E:\tomcat\respository\ch\qos\logback\logback-core\1.2.11\logback-core-1.2.11.jar;E:\tomcat\respository\org\apache\logging\log4j\log4j-to-slf4j\2.17.2\log4j-to-slf4j-2.17.2.jar;E:\tomcat\respository\org\apache\logging\log4j\log4j-api\2.17.2\log4j-api-2.17.2.jar;E:\tomcat\respository\org\slf4j\jul-to-slf4j\1.7.36\jul-to-slf4j-1.7.36.jar;E:\tomcat\respository\jakarta\annotation\jakarta.annotation-api\1.3.5\jakarta.annotation-api-1.3.5.jar;E:\tomcat\respository\org\yaml\snakeyaml\1.29\snakeyaml-1.29.jar;E:\tomcat\respository\org\springframework\boot\spring-boot-starter-json\2.6.10\spring-boot-starter-json-2.6.10.jar;E:\tomcat\respository\com\fasterxml\jackson\core\jackson-databind\2.13.3\jackson-databind-2.13.3.jar;E:\tomcat\respository\com\fasterxml\jackson\core\jackson-annotations\2.13.3\jackson-annotations-2.13.3.jar;E:\tomcat\respository\com\fasterxml\jackson\core\jackson-core\2.13.3\jackson-core-2.13.3.jar;E:\tomcat\respository\com\fasterxml\jackson\datatype\jackson-datatype-jdk8\2.13.3\jackson-datatype-jdk8-2.13.3.jar;E:\tomcat\respository\com\fasterxml\jackson\datatype\jackson-datatype-jsr310\2.13.3\jackson-datatype-jsr310-2.13.3.jar;E:\tomcat\respository\com\fasterxml\jackson\module\jackson-module-parameter-names\2.13.3\jackson-module-parameter-names-2.13.3.jar;E:\tomcat\respository\org\springframework\boot\spring-boot-starter-tomcat\2.6.10\spring-boot-starter-tomcat-2.6.10.jar;E:\tomcat\respository\org\apache\tomcat\embed\tomcat-embed-core\9.0.65\tomcat-embed-core-9.0.65.jar;E:\tomcat\respository\org\apache\tomcat\embed\tomcat-embed-el\9.0.65\tomcat-embed-el-9.0.65.jar;E:\tomcat\respository\org\apache\tomcat\embed\tomcat-embed-websocket\9.0.65\tomcat-embed-websocket-9.0.65.jar;E:\tomcat\respository\org\springframework\spring-web\5.3.22\spring-web-5.3.22.jar;E:\tomcat\respository\org\springframework\spring-beans\5.3.22\spring-beans-5.3.22.jar;E:\tomcat\respository\org\springframework\spring-webmvc\5.3.22\spring-webmvc-5.3.22.jar;E:\tomcat\respository\org\springframework\spring-aop\5.3.22\spring-aop-5.3.22.jar;E:\tomcat\respository\org\springframework\spring-context\5.3.22\spring-context-5.3.22.jar;E:\tomcat\respository\org\springframework\spring-expression\5.3.22\spring-expression-5.3.22.jar;E:\tomcat\respository\mysql\mysql-connector-java\8.0.29\mysql-connector-java-8.0.29.jar;E:\tomcat\respository\net\sf\json-lib\json-lib\2.2.3\json-lib-2.2.3-jdk15.jar;E:\tomcat\respository\commons-beanutils\commons-beanutils\1.7.0\commons-beanutils-1.7.0.jar;E:\tomcat\respository\commons-collections\commons-collections\3.2\commons-collections-3.2.jar;E:\tomcat\respository\commons-lang\commons-lang\2.4\commons-lang-2.4.jar;E:\tomcat\respository\commons-logging\commons-logging\1.1.1\commons-logging-1.1.1.jar;E:\tomcat\respository\net\sf\ezmorph\ezmorph\1.0.6\ezmorph-1.0.6.jar;E:\tomcat\respository\org\springframework\boot\spring-boot-starter-thymeleaf\2.6.10\spring-boot-starter-thymeleaf-2.6.10.jar;E:\tomcat\respository\org\thymeleaf\thymeleaf-spring5\3.0.15.RELEASE\thymeleaf-spring5-3.0.15.RELEASE.jar;E:\tomcat\respository\org\thymeleaf\thymeleaf\3.0.15.RELEASE\thymeleaf-3.0.15.RELEASE.jar;E:\tomcat\respository\org\attoparser\attoparser\2.0.5.RELEASE\attoparser-2.0.5.RELEASE.jar;E:\tomcat\respository\org\unbescape\unbescape\1.1.6.RELEASE\unbescape-1.1.6.RELEASE.jar;E:\tomcat\respository\org\slf4j\slf4j-api\1.7.36\slf4j-api-1.7.36.jar;E:\tomcat\respository\org\thymeleaf\extras\thymeleaf-extras-java8time\3.0.4.RELEASE\thymeleaf-extras-java8time-3.0.4.RELEASE.jar;E:\tomcat\respository\com\baomidou\mybatis-plus-boot-starter\3.4.2\mybatis-plus-boot-starter-3.4.2.jar;E:\tomcat\respository\com\baomidou\mybatis-plus\3.4.2\mybatis-plus-3.4.2.jar;E:\tomcat\respository\com\baomidou\mybatis-plus-extension\3.4.2\mybatis-plus-extension-3.4.2.jar;E:\tomcat\respository\com\baomidou\mybatis-plus-core\3.4.2\mybatis-plus-core-3.4.2.jar;E:\tomcat\respository\com\baomidou\mybatis-plus-annotation\3.4.2\mybatis-plus-annotation-3.4.2.jar;E:\tomcat\respository\com\github\jsqlparser\jsqlparser\4.0\jsqlparser-4.0.jar;E:\tomcat\respository\org\mybatis\mybatis\3.5.6\mybatis-3.5.6.jar;E:\tomcat\respository\org\mybatis\mybatis-spring\2.0.5\mybatis-spring-2.0.5.jar;E:\tomcat\respository\org\springframework\boot\spring-boot-autoconfigure\2.6.10\spring-boot-autoconfigure-2.6.10.jar;E:\tomcat\respository\org\springframework\boot\spring-boot-starter-jdbc\2.6.10\spring-boot-starter-jdbc-2.6.10.jar;E:\tomcat\respository\com\zaxxer\HikariCP\4.0.3\HikariCP-4.0.3.jar;E:\tomcat\respository\org\springframework\spring-jdbc\5.3.22\spring-jdbc-5.3.22.jar;E:\tomcat\respository\org\springframework\spring-tx\5.3.22\spring-tx-5.3.22.jar;E:\tomcat\respository\org\freemarker\freemarker\2.3.31\freemarker-2.3.31.jar;E:\tomcat\respository\log4j\log4j\1.2.17\log4j-1.2.17.jar;E:\tomcat\respository\org\springframework\boot\spring-boot-starter-mail\2.6.10\spring-boot-starter-mail-2.6.10.jar;E:\tomcat\respository\org\springframework\spring-context-support\5.3.22\spring-context-support-5.3.22.jar;E:\tomcat\respository\com\sun\mail\jakarta.mail\1.6.7\jakarta.mail-1.6.7.jar;E:\tomcat\respository\com\sun\activation\jakarta.activation\1.2.2\jakarta.activation-1.2.2.jar;E:\tomcat\respository\com\aliyun\alibaba-dingtalk-service-sdk\2.0.0\alibaba-dingtalk-service-sdk-2.0.0.jar;E:\tomcat\respository\org\springframework\boot\spring-boot-devtools\2.6.10\spring-boot-devtools-2.6.10.jar;E:\tomcat\respository\org\springframework\boot\spring-boot\2.6.10\spring-boot-2.6.10.jar;E:\tomcat\respository\org\projectlombok\lombok\1.18.24\lombok-1.18.24.jar;E:\tomcat\respository\org\springframework\boot\spring-boot-starter-test\2.6.10\spring-boot-starter-test-2.6.10.jar;E:\tomcat\respository\org\springframework\boot\spring-boot-test\2.6.10\spring-boot-test-2.6.10.jar;E:\tomcat\respository\org\springframework\boot\spring-boot-test-autoconfigure\2.6.10\spring-boot-test-autoconfigure-2.6.10.jar;E:\tomcat\respository\com\jayway\jsonpath\json-path\2.6.0\json-path-2.6.0.jar;E:\tomcat\respository\net\minidev\json-smart\2.4.8\json-smart-2.4.8.jar;E:\tomcat\respository\net\minidev\accessors-smart\2.4.8\accessors-smart-2.4.8.jar;E:\tomcat\respository\org\ow2\asm\asm\9.1\asm-9.1.jar;E:\tomcat\respository\jakarta\xml\bind\jakarta.xml.bind-api\2.3.3\jakarta.xml.bind-api-2.3.3.jar;E:\tomcat\respository\jakarta\activation\jakarta.activation-api\1.2.2\jakarta.activation-api-1.2.2.jar;E:\tomcat\respository\org\assertj\assertj-core\3.21.0\assertj-core-3.21.0.jar;E:\tomcat\respository\org\hamcrest\hamcrest\2.2\hamcrest-2.2.jar;E:\tomcat\respository\org\junit\jupiter\junit-jupiter\5.8.2\junit-jupiter-5.8.2.jar;E:\tomcat\respository\org\junit\jupiter\junit-jupiter-api\5.8.2\junit-jupiter-api-5.8.2.jar;E:\tomcat\respository\org\opentest4j\opentest4j\1.2.0\opentest4j-1.2.0.jar;E:\tomcat\respository\org\junit\platform\junit-platform-commons\1.8.2\junit-platform-commons-1.8.2.jar;E:\tomcat\respository\org\apiguardian\apiguardian-api\1.1.2\apiguardian-api-1.1.2.jar;E:\tomcat\respository\org\junit\jupiter\junit-jupiter-params\5.8.2\junit-jupiter-params-5.8.2.jar;E:\tomcat\respository\org\junit\jupiter\junit-jupiter-engine\5.8.2\junit-jupiter-engine-5.8.2.jar;E:\tomcat\respository\org\junit\platform\junit-platform-engine\1.8.2\junit-platform-engine-1.8.2.jar;E:\tomcat\respository\org\mockito\mockito-core\4.0.0\mockito-core-4.0.0.jar;E:\tomcat\respository\net\bytebuddy\byte-buddy\1.11.22\byte-buddy-1.11.22.jar;E:\tomcat\respository\net\bytebuddy\byte-buddy-agent\1.11.22\byte-buddy-agent-1.11.22.jar;E:\tomcat\respository\org\objenesis\objenesis\3.2\objenesis-3.2.jar;E:\tomcat\respository\org\mockito\mockito-junit-jupiter\4.0.0\mockito-junit-jupiter-4.0.0.jar;E:\tomcat\respository\org\skyscreamer\jsonassert\1.5.1\jsonassert-1.5.1.jar;E:\tomcat\respository\com\vaadin\external\google\android-json\0.0.20131108.vaadin1\android-json-0.0.20131108.vaadin1.jar;E:\tomcat\respository\org\springframework\spring-core\5.3.22\spring-core-5.3.22.jar;E:\tomcat\respository\org\springframework\spring-jcl\5.3.22\spring-jcl-5.3.22.jar;E:\tomcat\respository\org\springframework\spring-test\5.3.22\spring-test-5.3.22.jar;E:\tomcat\respository\org\xmlunit\xmlunit-core\2.8.4\xmlunit-core-2.8.4.jar;"/>
    <property name="sun.cpu.endian" value="little"/>
    <property name="user.home" value="C:\Users\1"/>
    <property name="user.language" value="zh"/>
    <property name="java.specification.vendor" value="Oracle Corporation"/>
    <property name="java.version.date" value="2020-01-14"/>
    <property name="java.home" value="C:\Program Files\Java\jdk-11.0.6"/>
    <property name="file.separator" value="\"/>
    <property name="basedir" value="E:\Temp\JIMOCode\JavaCode\dev\JIMO_IOT_V1.0"/>
    <property name="java.vm.compressedOopsMode" value="Zero based"/>
    <property name="line.separator" value="&#10;"/>
    <property name="java.specification.name" value="Java Platform API Specification"/>
    <property name="java.vm.specification.vendor" value="Oracle Corporation"/>
    <property name="java.awt.graphicsenv" value="sun.awt.Win32GraphicsEnvironment"/>
    <property name="surefire.real.class.path" value="C:\Users\1\AppData\Local\Temp\surefire10955966888357644123\surefirebooter17713751810637933879.jar"/>
    <property name="user.script" value=""/>
    <property name="sun.management.compiler" value="HotSpot 64-Bit Tiered Compilers"/>
    <property name="java.runtime.version" value="11.0.6+8-LTS"/>
    <property name="user.name" value="1"/>
    <property name="path.separator" value=";"/>
    <property name="os.version" value="10.0"/>
    <property name="java.runtime.name" value="Java(TM) SE Runtime Environment"/>
    <property name="file.encoding" value="GBK"/>
    <property name="java.vm.name" value="Java HotSpot(TM) 64-Bit Server VM"/>
    <property name="java.vendor.version" value="18.9"/>
    <property name="localRepository" value="E:\tomcat\respository"/>
    <property name="java.vendor.url.bug" value="http://bugreport.java.com/bugreport/"/>
    <property name="java.io.tmpdir" value="C:\Users\1\AppData\Local\Temp\"/>
    <property name="idea.version" value="2023.2.5"/>
    <property name="java.version" value="11.0.6"/>
    <property name="user.dir" value="E:\Temp\JIMOCode\JavaCode\dev\JIMO_IOT_V1.0"/>
    <property name="os.arch" value="amd64"/>
    <property name="java.vm.specification.name" value="Java Virtual Machine Specification"/>
    <property name="java.awt.printerjob" value="sun.awt.windows.WPrinterJob"/>
    <property name="sun.os.patch.level" value=""/>
    <property name="java.library.path" value="C:\Program Files\Java\jdk-11.0.6\bin;C:\WINDOWS\Sun\Java\bin;C:\WINDOWS\system32;C:\WINDOWS;E:\ruanjian\Python\Python310\Scripts\;E:\ruanjian\Python\Python310\;C:\Program Files (x86)\NVIDIA Corporation\PhysX\Common;C:\Program Files\Common Files\Siemens\Automation\Simatic OAM\bin;C:\ProgramData\Oracle\Java\javapath;C:\WINDOWS\system32;C:\WINDOWS;C:\WINDOWS\System32\Wbem;C:\WINDOWS\System32\WindowsPowerShell\v1.0\;C:\WINDOWS\System32\OpenSSH\;C:\Program Files\NVIDIA Corporation\NVIDIA NvDLISR;C:\Program Files\dotnet\;C:\Program Files (x86)\Microsoft SQL Server\160\Tools\Binn\;C:\Program Files\Microsoft SQL Server\160\Tools\Binn\;C:\Program Files\Microsoft SQL Server\Client SDK\ODBC\170\Tools\Binn\;C:\Program Files\Microsoft SQL Server\160\DTS\Binn\;C:\Program Files (x86)\Windows Kits\8.1\Windows Performance Toolkit\;E:\ruanjian\CodeArts IDE\bin;C:\Program Files\Git\cmd;E:\tomcat\mysql-8.0.22-winx64\bin;C:\Program Files (x86)\National Instruments\Shared\LabVIEW CLI;C:\Users\1\AppData\Local\Programs\Python\Python312\Scripts\;C:\Users\1\AppData\Local\Programs\Python\Python312\;C:\Users\1\AppData\Local\Microsoft\WindowsApps;;C:\Users\1\AppData\Local\Programs\Microsoft VS Code\bin;."/>
    <property name="java.vendor" value="Oracle Corporation"/>
    <property name="java.vm.info" value="mixed mode"/>
    <property name="java.vm.version" value="11.0.6+8-LTS"/>
    <property name="sun.io.unicode.encoding" value="UnicodeLittle"/>
    <property name="maven.repo.local" value="E:\tomcat\respository"/>
    <property name="java.class.version" value="55.0"/>
  </properties>
  <testcase name="run" classname="jimo.iot.util.GenerateTableUtilTest" time="0"/>
</testsuite>